#
# There is insufficient memory for the Java Runtime Environment to continue.
# Native memory allocation (mmap) failed to map 65011712 bytes for G1 virtual space
# Possible reasons:
#   The system is out of physical RAM or swap space
#   The process is running with CompressedOops enabled, and the Java Heap may be blocking the growth of the native heap
# Possible solutions:
#   Reduce memory load on the system
#   Increase physical memory or swap space
#   Check if swap backing store is full
#   Decrease Java heap size (-Xmx/-Xms)
#   Decrease number of Java threads
#   Decrease Java thread stack sizes (-Xss)
#   Set larger code cache with -XX:ReservedCodeCacheSize=
#   JVM is running with Unscaled Compressed Oops mode in which the Java heap is
#     placed in the first 4GB address space. The Java Heap base address is the
#     maximum limit for the native heap growth. Please use -XX:HeapBaseMinAddress
#     to set the Java Heap base and to place the Java Heap above 4GB virtual address.
# This output file may be truncated or incomplete.
#
#  Out of Memory Error (os_windows.cpp:3600), pid=2504, tid=7052
#
# JRE version:  (21.0.2+13) (build )
# Java VM: Java HotSpot(TM) 64-Bit Server VM (21.0.2+13-LTS-58, mixed mode, sharing, tiered, compressed oops, compressed class ptrs, g1 gc, windows-amd64)
# No core dump will be written. Minidumps are not enabled by default on client versions of Windows
#

---------------  S U M M A R Y ------------

Command Line: -Dmaven.multiModuleProjectDirectory=C:\Users\nazar\IdeaProjects\krutoiplug -Djansi.passthrough=true -Dmaven.home=D:\javaa\IntelliJ IDEA Community Edition 2024.3\plugins\maven\lib\maven3 -Dclassworlds.conf=D:\javaa\IntelliJ IDEA Community Edition 2024.3\plugins\maven\lib\maven3\bin\m2.conf -Dmaven.ext.class.path=D:\javaa\IntelliJ IDEA Community Edition 2024.3\plugins\maven\lib\maven-event-listener.jar -javaagent:D:\javaa\IntelliJ IDEA Community Edition 2024.3\lib\idea_rt.jar=63934:D:\javaa\IntelliJ IDEA Community Edition 2024.3\bin -Dfile.encoding=UTF-8 -Dsun.stdout.encoding=UTF-8 -Dsun.stderr.encoding=UTF-8 org.codehaus.classworlds.Launcher -Didea.version=2024.3 package

Host: Intel(R) Celeron(R) N4020 CPU @ 1.10GHz, 2 cores, 3G,  Windows 10 , 64 bit Build 19041 (10.0.19041.5072)
Time: Sat Nov 23 17:58:19 2024  Windows 10 , 64 bit Build 19041 (10.0.19041.5072) elapsed time: 0.198435 seconds (0d 0h 0m 0s)

---------------  T H R E A D  ---------------

Current thread (0x000002126da29580):  JavaThread "Unknown thread" [_thread_in_vm, id=7052, stack(0x0000007e5b400000,0x0000007e5b500000) (1024K)]

Stack: [0x0000007e5b400000,0x0000007e5b500000]
Native frames: (J=compiled Java code, j=interpreted, Vv=VM code, C=native code)
V  [jvm.dll+0x6cade9]
V  [jvm.dll+0x8569c1]
V  [jvm.dll+0x858d2e]
V  [jvm.dll+0x859413]
V  [jvm.dll+0x280e56]
V  [jvm.dll+0x6c74d5]
V  [jvm.dll+0x6bbeca]
V  [jvm.dll+0x355bca]
V  [jvm.dll+0x35d816]
V  [jvm.dll+0x3ae67e]
V  [jvm.dll+0x3ae928]
V  [jvm.dll+0x3295dc]
V  [jvm.dll+0x32a16b]
V  [jvm.dll+0x81efa9]
V  [jvm.dll+0x3bba01]
V  [jvm.dll+0x807928]
V  [jvm.dll+0x44f50e]
V  [jvm.dll+0x450e11]
C  [jli.dll+0x52a3]
C  [ucrtbase.dll+0x21bb2]
C  [KERNEL32.DLL+0x17374]
C  [ntdll.dll+0x4cc91]


---------------  P R O C E S S  ---------------

Threads class SMR info:
_java_thread_list=0x00007ffaf1efbb88, length=0, elements={
}

Java Threads: ( => current thread )
Total: 0

Other Threads:
  0x000002126da61720 WorkerThread "GC Thread#0"                     [id=3776, stack(0x0000007e5b500000,0x0000007e5b600000) (1024K)]
  0x000002126da6a2f0 ConcurrentGCThread "G1 Main Marker"            [id=10996, stack(0x0000007e5b600000,0x0000007e5b700000) (1024K)]
  0x000002126da6adf0 WorkerThread "G1 Conc#0"                       [id=6520, stack(0x0000007e5b700000,0x0000007e5b800000) (1024K)]

[error occurred during error reporting (printing all threads), id 0xc0000005, EXCEPTION_ACCESS_VIOLATION (0xc0000005) at pc=0x00007ffaf166c6a7]
VM state: not at safepoint (not fully initialized)

VM Mutex/Monitor currently owned by a thread:  ([mutex/lock_event])
[0x00007ffaf1f6ce68] Heap_lock - owner thread: 0x000002126da29580

Heap address: 0x00000000c2e00000, size: 978 MB, Compressed Oops mode: 32-bit

CDS archive(s) mapped at: [0x0000000000000000-0x0000000000000000-0x0000000000000000), size 0, SharedBaseAddress: 0x0000000800000000, ArchiveRelocationMode: 1.
Narrow klass base: 0x0000000000000000, Narrow klass shift: 0, Narrow klass range: 0x0

GC Precious Log:
 CardTable entry size: 512
 Card Set container configuration: InlinePtr #cards 5 size 8 Array Of Cards #cards 12 size 40 Howl #buckets 4 coarsen threshold 1843 Howl Bitmap #cards 512 size 80 coarsen threshold 460 Card regions per heap region 1 cards per card region 2048

Heap:
 garbage-first heap   total 0K, used 0K [0x00000000c2e00000, 0x0000000100000000)
  region size 1024K, 0 young (0K), 0 survivors (0K)

[error occurred during error reporting (printing heap information), id 0xc0000005, EXCEPTION_ACCESS_VIOLATION (0xc0000005) at pc=0x00007ffaf1a539f9]
GC Heap History (0 events):
No events

Dll operation events (1 events):
Event: 0.120 Loaded shared library C:\Program Files\Java\jdk-21\bin\java.dll

Deoptimization events (0 events):
No events

Classes loaded (0 events):
No events

Classes unloaded (0 events):
No events

Classes redefined (0 events):
No events

Internal exceptions (0 events):
No events

ZGC Phase Switch (0 events):
No events

VM Operations (0 events):
No events

Events (0 events):
No events


Dynamic libraries:
0x00007ff6ed6a0000 - 0x00007ff6ed6b0000 	C:\Program Files\Java\jdk-21\bin\java.exe
0x00007ffb25f50000 - 0x00007ffb26148000 	C:\WINDOWS\SYSTEM32\ntdll.dll
0x00007ffb24d20000 - 0x00007ffb24de2000 	C:\WINDOWS\System32\KERNEL32.DLL
0x00007ffb235f0000 - 0x00007ffb238ee000 	C:\WINDOWS\System32\KERNELBASE.dll
0x00007ffb23920000 - 0x00007ffb23a20000 	C:\WINDOWS\System32\ucrtbase.dll
0x00007ffaf6f70000 - 0x00007ffaf6f89000 	C:\Program Files\Java\jdk-21\bin\jli.dll
0x00007ffb24800000 - 0x00007ffb248b1000 	C:\WINDOWS\System32\ADVAPI32.dll
0x00007ffaf6bc0000 - 0x00007ffaf6bdb000 	C:\Program Files\Java\jdk-21\bin\VCRUNTIME140.dll
0x00007ffb24e70000 - 0x00007ffb24f0e000 	C:\WINDOWS\System32\msvcrt.dll
0x00007ffb254f0000 - 0x00007ffb2558f000 	C:\WINDOWS\System32\sechost.dll
0x00007ffb24bf0000 - 0x00007ffb24d13000 	C:\WINDOWS\System32\RPCRT4.dll
0x00007ffb23b80000 - 0x00007ffb23ba7000 	C:\WINDOWS\System32\bcrypt.dll
0x00007ffb248d0000 - 0x00007ffb24a6d000 	C:\WINDOWS\System32\USER32.dll
0x00007ffb238f0000 - 0x00007ffb23912000 	C:\WINDOWS\System32\win32u.dll
0x00007ffb256c0000 - 0x00007ffb256eb000 	C:\WINDOWS\System32\GDI32.dll
0x00007ffb23d30000 - 0x00007ffb23e47000 	C:\WINDOWS\System32\gdi32full.dll
0x00007ffb23c90000 - 0x00007ffb23d2d000 	C:\WINDOWS\System32\msvcp_win.dll
0x00007ffb0e770000 - 0x00007ffb0ea0a000 	C:\WINDOWS\WinSxS\amd64_microsoft.windows.common-controls_6595b64144ccf1df_6.0.19041.4355_none_60b8b9eb71f62e16\COMCTL32.dll
0x00007ffb1a580000 - 0x00007ffb1a58a000 	C:\WINDOWS\SYSTEM32\VERSION.dll
0x00007ffb24ad0000 - 0x00007ffb24aff000 	C:\WINDOWS\System32\IMM32.DLL
0x00007ffb1c5d0000 - 0x00007ffb1c5dc000 	C:\Program Files\Java\jdk-21\bin\vcruntime140_1.dll
0x00007ffaf2050000 - 0x00007ffaf20de000 	C:\Program Files\Java\jdk-21\bin\msvcp140.dll
0x00007ffaf1330000 - 0x00007ffaf2047000 	C:\Program Files\Java\jdk-21\bin\server\jvm.dll
0x00007ffb24e00000 - 0x00007ffb24e6b000 	C:\WINDOWS\System32\WS2_32.dll
0x00007ffb23450000 - 0x00007ffb2349b000 	C:\WINDOWS\SYSTEM32\POWRPROF.dll
0x00007ffb077c0000 - 0x00007ffb077e7000 	C:\WINDOWS\SYSTEM32\WINMM.dll
0x00007ffb23430000 - 0x00007ffb23442000 	C:\WINDOWS\SYSTEM32\UMPDC.dll
0x00007ffb22080000 - 0x00007ffb22092000 	C:\WINDOWS\SYSTEM32\kernel.appcore.dll
0x00007ffb11b50000 - 0x00007ffb11b5a000 	C:\Program Files\Java\jdk-21\bin\jimage.dll
0x00007ffb21b30000 - 0x00007ffb21d14000 	C:\WINDOWS\SYSTEM32\DBGHELP.DLL
0x00007ffb0a6d0000 - 0x00007ffb0a704000 	C:\WINDOWS\SYSTEM32\dbgcore.DLL
0x00007ffb23c00000 - 0x00007ffb23c82000 	C:\WINDOWS\System32\bcryptPrimitives.dll
0x00007ffb1aeb0000 - 0x00007ffb1aebf000 	C:\Program Files\Java\jdk-21\bin\instrument.dll
0x00007ffaf6150000 - 0x00007ffaf616f000 	C:\Program Files\Java\jdk-21\bin\java.dll

dbghelp: loaded successfully - version: 4.0.5 - missing functions: none
symbol engine: initialized successfully - sym options: 0x614 - pdb path: .;C:\Program Files\Java\jdk-21\bin;C:\WINDOWS\SYSTEM32;C:\WINDOWS\WinSxS\amd64_microsoft.windows.common-controls_6595b64144ccf1df_6.0.19041.4355_none_60b8b9eb71f62e16;C:\Program Files\Java\jdk-21\bin\server

VM Arguments:
jvm_args: -Dmaven.multiModuleProjectDirectory=C:\Users\nazar\IdeaProjects\krutoiplug -Djansi.passthrough=true -Dmaven.home=D:\javaa\IntelliJ IDEA Community Edition 2024.3\plugins\maven\lib\maven3 -Dclassworlds.conf=D:\javaa\IntelliJ IDEA Community Edition 2024.3\plugins\maven\lib\maven3\bin\m2.conf -Dmaven.ext.class.path=D:\javaa\IntelliJ IDEA Community Edition 2024.3\plugins\maven\lib\maven-event-listener.jar -javaagent:D:\javaa\IntelliJ IDEA Community Edition 2024.3\lib\idea_rt.jar=63934:D:\javaa\IntelliJ IDEA Community Edition 2024.3\bin -Dfile.encoding=UTF-8 -Dsun.stdout.encoding=UTF-8 -Dsun.stderr.encoding=UTF-8 
java_command: org.codehaus.classworlds.Launcher -Didea.version=2024.3 package
java_class_path (initial): D:\javaa\IntelliJ IDEA Community Edition 2024.3\plugins\maven\lib\maven3\boot\plexus-classworlds-2.8.0.jar;D:\javaa\IntelliJ IDEA Community Edition 2024.3\plugins\maven\lib\maven3\boot\plexus-classworlds.license
Launcher Type: SUN_STANDARD

[Global flags]
     intx CICompilerCount                          = 2                                         {product} {ergonomic}
     uint ConcGCThreads                            = 1                                         {product} {ergonomic}
     uint G1ConcRefinementThreads                  = 2                                         {product} {ergonomic}
   size_t G1HeapRegionSize                         = 1048576                                   {product} {ergonomic}
    uintx GCDrainStackTargetSize                   = 64                                        {product} {ergonomic}
   size_t InitialHeapSize                          = 65011712                                  {product} {ergonomic}
   size_t MarkStackSize                            = 4194304                                   {product} {ergonomic}
   size_t MaxHeapSize                              = 1025507328                                {product} {ergonomic}
   size_t MinHeapDeltaBytes                        = 1048576                                   {product} {ergonomic}
   size_t MinHeapSize                              = 8388608                                   {product} {ergonomic}
    uintx NonNMethodCodeHeapSize                   = 5826188                                {pd product} {ergonomic}
    uintx NonProfiledCodeHeapSize                  = 122916026                              {pd product} {ergonomic}
    uintx ProfiledCodeHeapSize                     = 122916026                              {pd product} {ergonomic}
    uintx ReservedCodeCacheSize                    = 251658240                              {pd product} {ergonomic}
     bool SegmentedCodeCache                       = true                                      {product} {ergonomic}
   size_t SoftMaxHeapSize                          = 1025507328                             {manageable} {ergonomic}
     bool UseCompressedOops                        = true                           {product lp64_product} {ergonomic}
     bool UseG1GC                                  = true                                      {product} {ergonomic}
     bool UseLargePagesIndividualAllocation        = false                                  {pd product} {ergonomic}

Logging:
Log output configuration:
 #0: stdout all=warning uptime,level,tags foldmultilines=false
 #1: stderr all=off uptime,level,tags foldmultilines=false

Environment Variables:
PATH=C:\Program Files\Common Files\Oracle\Java\javapath;C:\Program Files (x86)\Common Files\Oracle\Java\java8path;C:\Program Files (x86)\Common Files\Oracle\Java\javapath;C:\WINDOWS\system32;C:\WINDOWS;C:\WINDOWS\System32\Wbem;C:\WINDOWS\System32\WindowsPowerShell\v1.0\;C:\WINDOWS\System32\OpenSSH\;C:\Users\nazar\AppData\Local\Microsoft\WindowsApps;C:\WINDOWS\AtlasModules;C:\WINDOWS\AtlasModules\Apps;C:\WINDOWS\AtlasModules\Other;C:\WINDOWS\AtlasModules\Tools;C:\WINDOWS\AtlasModules\Scripts;;C:\WINDOWS\AtlasModules;C:\WINDOWS\AtlasModules\Apps;C:\WINDOWS\AtlasModules\Other;C:\WINDOWS\AtlasModules\Tools;C:\WINDOWS\AtlasModules\Scripts;;C:\WINDOWS\AtlasModules;C:\WINDOWS\AtlasModules\Apps;C:\WINDOWS\AtlasModules\Other;C:\WINDOWS\AtlasModules\Tools;C:\WINDOWS\AtlasModules\Scripts;C:\Users\nazar\AppData\Local\Programs\Python\Launcher\;C:\Users\nazar\AppData\Local\Microsoft\WindowsApps;
USERNAME=nazar
OS=Windows_NT
PROCESSOR_IDENTIFIER=Intel64 Family 6 Model 122 Stepping 8, GenuineIntel
TMP=C:\Users\nazar\AppData\Local\Temp
TEMP=C:\Users\nazar\AppData\Local\Temp




Periodic native trim disabled

---------------  S Y S T E M  ---------------

OS:
 Windows 10 , 64 bit Build 19041 (10.0.19041.5072)
OS uptime: 0 days 10:19 hours

CPU: total 2 (initial active 2) (2 cores per cpu, 1 threads per core) family 6 model 122 stepping 8 microcode 0x22, cx8, cmov, fxsr, mmx, 3dnowpref, sse, sse2, sse3, ssse3, sse4.1, sse4.2, popcnt, tsc, tscinvbit, aes, erms, clmul, sha, clflush, clflushopt, rdtscp, rdpid
Processor Information for all 2 processors :
  Max Mhz: 1101, Current Mhz: 1101, Mhz Limit: 1101

Memory: 4k page, system-wide physical 3911M (30M free)
TotalPageFile size 7911M (AvailPageFile size 32M)
current process WorkingSet (physical memory assigned to process): 10M, peak: 10M
current process commit charge ("private bytes"): 47M, peak: 109M

vm_info: Java HotSpot(TM) 64-Bit Server VM (21.0.2+13-LTS-58) for windows-amd64 JRE (21.0.2+13-LTS-58), built on 2024-01-05T18:32:24Z by "mach5one" with MS VC++ 17.1 (VS2022)

END.
